{"C:\\Users\\MSI\\Desktop\\Bite-Buddy\\src\\components\\ContactUs.js": {"path":"C:\\Users\\MSI\\Desktop\\Bite-Buddy\\src\\components\\ContactUs.js","statementMap":{"0":{"start":{"line":1,"column":16},"end":{"line":27,"column":1}},"1":{"start":{"line":4,"column":4},"end":{"line":26,"column":5}}},"fnMap":{"0":{"name":"(anonymous_0)","decl":{"start":{"line":1,"column":16},"end":{"line":1,"column":17}},"loc":{"start":{"line":1,"column":20},"end":{"line":27,"column":1}},"line":1}},"branchMap":{},"s":{"0":1,"1":4},"f":{"0":4},"b":{},"_coverageSchema":"1a1c01bbd47fc00a2c39e90264f33305004495a9","hash":"884a58534ca2813077a243973ad6fad4a2c49bce"}
,"C:\\Users\\MSI\\Desktop\\Bite-Buddy\\src\\components\\sum.js": {"path":"C:\\Users\\MSI\\Desktop\\Bite-Buddy\\src\\components\\sum.js","statementMap":{"0":{"start":{"line":1,"column":19},"end":{"line":3,"column":1}},"1":{"start":{"line":2,"column":4},"end":{"line":2,"column":14}}},"fnMap":{"0":{"name":"(anonymous_0)","decl":{"start":{"line":1,"column":19},"end":{"line":1,"column":20}},"loc":{"start":{"line":1,"column":26},"end":{"line":3,"column":1}},"line":1}},"branchMap":{},"s":{"0":1,"1":1},"f":{"0":1},"b":{},"_coverageSchema":"1a1c01bbd47fc00a2c39e90264f33305004495a9","hash":"7411f00c55049b55295ec0a87220fdada56c073d"}
}
